1531560358317:start ru
1531560399411:starrt en
1531560405620:start en
1531566922598:start ru
1531567498206:start en
1531567508204:close
1531567787349:fs
1531567790644:start ru
1531567813171:exit
1531567878661:start ru
1531568026315:exit
1531568053489:qw
1531568057313:start ru
1531568071822:close
1531568294921:start ru
1531568325094:close
1531568368475:start ru
1531568379225:close
1531592711260:start ru
1531592738921:start en
1531592763004:start ru
1531592817908:we
1531592827244:start en
1531593664782:start ru
1531593759863:start en
1531596263122:start ru
1531637940799:start en
1531637954455:start ru
1531637962695:exit
