1532029702039:author-count
1532029741106:author-insert 11 Name11 SecondName11
1532029748785:author-count
1532029761286:author-get-by-id 11
1532029769357:exit
1532031007146:author-count
1532031012646:genre-count
1532031052799:book-count
1532031058647:exit
1532031136406:genre-count
1532031158230:genres-count
1532031204577:genre-count
1532031219896:genres-list
1532031228929:genre-by-id 200
1532031241300:genre-get-by-id 200
1532031267826:genre-insert 100 GNRE 100
1532031302275:genre-insert 100 GENRE!))
1532031316421:genres-list
1532031330916:books-list
1532031411012:book-insert 13 BOOK13 "BOOK IS 13" 34 AUTHOR34 SECOND_NAME 333 GENRE##
1532031416132:books-list
1532031428080:book-get-by-id 13
1532031431914:exit
1532153509028:books-list
1532153555725:book-list
1532156127833:genre-list
1532156156392:book-list
1532260720104:exit
1532369652341:book-count
1532369659684:author-count
1532369671343:author-list
1532369685760:exit
1532371647572:book-count
1532371650999:exit
1532632613548:count-book
1532632618482:book-count
1532632634100:exit
1532766069528:book-count
1532766079336:exit
1532766109646:book-count
1532766116308:exit
1532770187325:book-count
1532770192093:exit
